
ROM used:   1749/8192 (21%)
            1749/8192 (21%) including unused fragments

            0.5 Average locations per line
            4.3 Average locations per statement

RAM used:   11/368 (3%) at main() level
            37/368 (10%) worst case

Stack used: 5 worst case (5 in main + 0 for interrupts)
Stack size: 8

Lines Stmts  %   Files
----- ----- ---  -----
  104    58  14  DoKhoangCach(PR3).c
  672     0   0  C:\Program Files (x86)\PICC\Devices\16F877A.h
  258    95  23  C:\Program Files (x86)\PICC\Devices\lcd.h
 2229   257  63  C:\Program Files (x86)\PICC\Drivers\math.h
----- -----
 3263   410 Total

Page ROM  %  RAM    Vol Diff  Functions:
---- --- --- ---    --- ----  ----------
0     63   4   10             @FLT
 Inline         2             @ITOF
0    117   7   13             @MULFF
 Inline        14             @DIVFF
0     21   1    1             @delay_ms2
0      8   0    0             @const783
0     81   5    2    798  4.4  lcd_init
 Inline         3    620  3.8  lcd_read_byte
0     57   3    2    204  3.2  lcd_read_nibble
0    103   6    3    313  3.4  lcd_send_byte
0     51   3    1    336  1.9  lcd_send_nibble
0     35   2    4    335  5.5  lcd_gotoxy
0     36   2    1    280  3.6  lcd_putc
0    271  15    5   1451  5.8  MAIN
0      9   1    0             @const798
0     86   5    4             @PSTRINGC7_781
0      9   1    0             @const800
0      9   1    0             @const801
0      9   1    0             @const802
0      9   1    0             @const803
0      9   1    0             @const805
0      9   1    0             @const806
0     10   1    0             @const807
0     13   1    0             @const808
0     87   5    5             @PSTRINGCN7_781
 Inline         5             @FTOSD
0     79   5   13             @DIV3232
0    226  13   13    403  4.7  @PRINTF_L32D_781FPFPF
0    338  19   10    403  4.7  DoKhoangCach
 Inline         0             @cinit1

Program metrics:
    Functions               10
    Statements              410
    Comments                542
    Volume (V)              7947
    Difficulty (D)          39.4
    Effort to implement (E) 313485
    Time to implement (T)   4 hours, 50 minutes
    Est Delivered Bugs (B)  2
    Cyclomatic Complexity   15
    Maintainability (MI)    30

 Segment     Used  Free
-----------  ----  ----
00000-00003     4  0  
00004-007FF  1745  299  
00800-00FFF     0  2048  
01000-017FF     0  2048  
01800-01FFF     0  2048  



